SF:lib\modules\favorites\bloc\favorites_bloc.dart
DA:14,0
DA:15,0
DA:18,0
DA:20,0
DA:23,0
DA:25,0
DA:28,0
DA:30,0
DA:33,0
DA:35,0
DA:36,0
DA:37,0
DA:38,0
DA:43,0
DA:44,0
DA:45,0
DA:47,0
LF:17
LH:0
end_of_record
SF:lib\modules\favorites\bloc\favorites_state.dart
DA:7,7
DA:10,0
DA:11,0
DA:12,0
DA:15,0
DA:18,0
DA:19,0
LF:7
LH:1
end_of_record
SF:lib\modules\favorites\bloc\favorites_event.dart
DA:8,0
LF:1
LH:0
end_of_record
SF:lib\modules\favorites\bloc\favorites_bloc.g.dart
DA:9,0
DA:10,0
DA:11,0
DA:12,0
DA:13,0
DA:17,0
DA:18,0
DA:19,0
LF:8
LH:0
end_of_record
SF:lib\router\router.dart
DA:5,8
DA:6,4
DA:7,4
LF:3
LH:3
end_of_record
SF:lib\modules\app\view\app.dart
DA:6,3
DA:9,1
DA:11,1
DA:18,4
DA:20,1
DA:22,2
DA:23,1
DA:25,1
DA:29,1
DA:30,1
DA:32,1
DA:33,1
DA:37,1
DA:38,1
DA:44,1
DA:45,1
LF:16
LH:16
end_of_record
SF:lib\modules\favorites\models\favorite.dart
DA:12,1
DA:18,0
DA:19,0
DA:21,0
DA:23,1
DA:24,1
DA:26,2
DA:27,7
LF:8
LH:5
end_of_record
SF:lib\modules\favorites\models\favorite.g.dart
DA:9,0
DA:10,0
DA:11,0
DA:12,0
DA:15,0
DA:16,0
DA:17,0
DA:18,0
LF:8
LH:0
end_of_record
SF:lib\modules\pokemon_detail\models\pokemon_detail.dart
DA:13,2
DA:22,0
DA:23,0
DA:25,0
DA:35,0
DA:41,0
DA:43,0
DA:51,0
DA:56,0
DA:58,0
DA:65,0
DA:70,0
DA:72,0
DA:80,0
DA:85,0
DA:87,0
DA:97,0
DA:103,0
DA:104,0
DA:106,0
DA:114,0
DA:119,0
DA:120,0
DA:122,0
LF:24
LH:1
end_of_record
SF:lib\modules\pokemon_detail\models\pokemon_detail.g.dart
DA:9,0
DA:10,0
DA:11,0
DA:12,0
DA:13,0
DA:14,0
DA:15,0
DA:16,0
DA:17,0
DA:18,0
DA:19,0
DA:20,0
DA:21,0
DA:22,0
DA:25,0
DA:26,0
DA:27,0
DA:28,0
DA:29,0
DA:30,0
DA:31,0
DA:32,0
DA:35,0
DA:36,0
DA:37,0
DA:38,0
DA:41,0
DA:42,0
DA:43,0
DA:44,0
DA:47,0
DA:48,0
DA:49,0
DA:52,0
DA:53,0
DA:54,0
DA:57,0
DA:58,0
DA:59,0
DA:62,0
DA:63,0
DA:64,0
DA:67,0
DA:68,0
DA:69,0
DA:72,0
DA:73,0
DA:74,0
DA:77,0
DA:78,0
DA:79,0
DA:80,0
DA:83,0
DA:84,0
DA:85,0
DA:86,0
DA:89,0
DA:90,0
DA:91,0
DA:94,0
DA:95,0
DA:96,0
LF:62
LH:0
end_of_record
SF:lib\helpers\base_url.dart
DA:2,2
DA:4,2
DA:8,6
DA:10,2
DA:12,3
LF:5
LH:5
end_of_record
SF:lib\helpers\extension.dart
DA:4,4
LF:1
LH:1
end_of_record
SF:lib\modules\generation_detail\bloc\generation_detail_bloc.dart
DA:20,1
DA:23,1
DA:24,2
DA:27,0
DA:29,0
DA:32,1
DA:34,1
DA:37,1
DA:38,1
DA:40,1
DA:43,1
DA:44,0
DA:45,1
DA:46,0
DA:47,0
DA:53,1
DA:54,3
DA:59,1
DA:60,4
DA:61,1
DA:62,0
DA:63,0
DA:67,0
DA:68,0
DA:69,0
DA:71,0
LF:26
LH:15
end_of_record
SF:lib\modules\generation_detail\bloc\generation_detail_state.dart
DA:10,5
DA:15,1
DA:16,1
DA:17,1
DA:18,1
DA:19,1
DA:22,1
DA:27,1
DA:28,0
DA:29,1
DA:30,0
LF:11
LH:9
end_of_record
SF:lib\modules\generation_detail\bloc\generation_detail_bloc.g.dart
DA:9,0
DA:11,0
DA:12,0
DA:13,0
DA:15,0
DA:18,1
DA:20,1
DA:21,1
DA:22,1
LF:9
LH:4
end_of_record
SF:lib\modules\generation_detail\widgets\_list_species.dart
DA:4,4
DA:6,1
DA:8,1
DA:9,4
DA:10,1
DA:11,1
DA:12,1
DA:14,1
DA:16,1
DA:21,1
DA:22,2
DA:32,0
DA:33,0
DA:34,0
DA:35,0
DA:38,0
DA:39,0
DA:40,0
DA:41,0
DA:44,0
DA:46,0
DA:49,0
DA:50,0
DA:51,0
LF:24
LH:11
end_of_record
SF:lib\modules\generation_detail\widgets\_poke_card.dart
DA:4,0
DA:8,0
DA:10,0
DA:11,0
DA:12,0
DA:13,0
DA:14,0
DA:15,0
DA:16,0
DA:18,0
DA:19,0
DA:29,0
DA:32,0
DA:33,0
DA:34,0
DA:35,0
DA:36,0
DA:39,0
DA:41,0
DA:42,0
LF:20
LH:0
end_of_record
SF:lib\modules\generation_detail\widgets\_region.dart
DA:4,0
DA:6,0
DA:8,0
DA:10,0
DA:11,0
DA:14,0
DA:15,0
DA:17,0
DA:19,0
DA:20,0
DA:35,0
DA:36,0
LF:12
LH:0
end_of_record
SF:lib\modules\generation_detail\view\generation_detail_page.dart
DA:4,1
DA:13,1
DA:15,1
DA:16,2
DA:17,1
DA:18,1
DA:19,1
DA:20,1
DA:30,4
DA:32,1
DA:34,1
DA:35,1
DA:36,4
DA:37,1
DA:38,1
DA:40,1
DA:41,1
DA:42,1
DA:44,1
DA:46,1
DA:47,2
DA:51,1
DA:55,2
DA:56,1
DA:57,1
DA:58,1
DA:60,1
DA:62,0
DA:74,1
LF:29
LH:28
end_of_record
SF:lib\modules\generation_detail\models\generation_detail.dart
DA:13,0
DA:20,0
DA:21,0
DA:23,0
DA:31,0
DA:36,0
DA:37,0
DA:39,0
DA:46,0
DA:51,0
DA:52,0
DA:54,0
DA:56,0
DA:57,0
DA:59,0
DA:60,0
LF:16
LH:0
end_of_record
SF:lib\modules\generation_detail\models\generation_detail.g.dart
DA:9,0
DA:10,0
DA:11,0
DA:12,0
DA:14,0
DA:15,0
DA:16,0
DA:17,0
DA:21,0
DA:22,0
DA:23,0
DA:24,0
DA:25,0
DA:26,0
DA:29,0
DA:30,0
DA:31,0
DA:34,0
DA:35,0
DA:36,0
DA:37,0
DA:40,0
DA:41,0
DA:42,0
DA:43,0
DA:46,0
DA:47,0
DA:48,0
DA:49,0
LF:29
LH:0
end_of_record
SF:lib\router\builder.dart
DA:17,8
DA:19,1
DA:36,8
DA:38,0
DA:40,0
DA:42,0
DA:43,0
DA:56,1
DA:61,0
DA:63,0
DA:64,0
DA:65,0
DA:66,0
DA:68,0
DA:69,0
DA:83,1
DA:89,0
DA:91,0
DA:92,0
DA:93,0
DA:94,0
DA:95,0
DA:97,0
DA:98,0
LF:24
LH:5
end_of_record
SF:lib\router\builder.g.dart
DA:9,8
DA:10,4
DA:11,4
DA:14,8
DA:20,1
DA:23,8
DA:27,0
DA:29,0
DA:31,0
DA:32,0
DA:34,0
DA:37,8
DA:40,4
DA:41,4
DA:44,4
DA:45,4
DA:55,0
DA:57,0
DA:61,0
DA:63,0
DA:65,0
DA:66,0
DA:68,0
DA:72,0
DA:73,0
DA:74,0
DA:75,0
DA:78,2
DA:80,1
DA:81,1
DA:82,1
DA:86,3
DA:88,0
DA:90,0
DA:91,0
DA:93,0
DA:97,0
DA:98,0
DA:99,0
DA:100,0
DA:101,0
DA:104,2
DA:106,1
DA:107,1
DA:108,1
DA:112,0
DA:114,1
DA:115,3
DA:117,0
DA:118,0
DA:120,0
DA:121,0
LF:52
LH:22
end_of_record
SF:lib\widgets\app_bar\app_bar_transparant.dart
DA:6,5
DA:12,2
DA:14,2
DA:16,2
DA:17,2
DA:18,2
DA:20,2
DA:21,2
DA:23,2
DA:24,2
DA:33,4
DA:34,0
DA:35,0
DA:36,0
DA:38,0
DA:40,0
LF:16
LH:11
end_of_record
SF:lib\widgets\background\background.dart
DA:4,3
DA:11,3
DA:13,3
DA:14,3
DA:16,3
DA:23,3
DA:24,3
DA:25,3
DA:31,6
DA:32,3
DA:33,3
LF:11
LH:11
end_of_record
SF:lib\modules\home\bloc\home_state.dart
DA:15,6
DA:21,1
DA:22,1
DA:23,1
DA:24,1
DA:25,1
DA:28,1
DA:33,1
DA:34,1
DA:35,1
DA:36,0
LF:11
LH:10
end_of_record
SF:lib\modules\home\bloc\home_bloc.dart
DA:17,2
DA:18,2
DA:19,2
DA:22,0
DA:24,0
DA:27,1
DA:29,1
DA:32,1
DA:35,1
DA:37,0
DA:38,0
DA:45,1
DA:47,4
DA:50,1
DA:51,1
DA:52,1
DA:54,0
DA:55,0
DA:57,0
DA:58,0
DA:60,0
LF:21
LH:12
end_of_record
SF:lib\modules\home\bloc\home_event.dart
DA:11,1
LF:1
LH:1
end_of_record
SF:lib\modules\home\bloc\home_bloc.g.dart
DA:9,0
DA:10,0
DA:11,0
DA:12,0
DA:13,0
DA:17,2
DA:18,1
DA:19,1
LF:8
LH:3
end_of_record
SF:lib\modules\home\models\generation.dart
DA:11,1
DA:16,0
DA:17,0
DA:19,0
LF:4
LH:1
end_of_record
SF:lib\modules\home\models\generation.g.dart
DA:9,0
DA:10,0
DA:11,0
DA:14,0
DA:15,0
DA:16,0
DA:17,0
LF:7
LH:0
end_of_record
SF:lib\modules\home\widgets\_favorite_list.dart
DA:4,4
DA:6,1
DA:8,1
DA:10,1
DA:11,1
DA:12,1
DA:13,1
DA:15,1
DA:16,1
DA:17,3
DA:30,1
DA:31,1
DA:36,1
DA:42,1
DA:43,1
DA:46,2
DA:53,1
DA:54,1
DA:55,1
DA:58,1
DA:60,3
DA:63,3
DA:64,1
DA:67,1
DA:73,2
LF:25
LH:25
end_of_record
SF:lib\modules\home\widgets\_poke_card.dart
DA:4,1
DA:8,1
DA:10,1
DA:12,1
DA:13,1
DA:14,2
DA:15,2
DA:16,1
DA:17,1
DA:19,1
DA:20,1
DA:30,1
DA:33,1
DA:34,1
DA:35,1
DA:36,1
DA:37,2
DA:40,1
DA:42,1
DA:43,2
LF:20
LH:20
end_of_record
SF:lib\modules\home\view\home_page.dart
DA:3,3
DA:6,5
DA:8,1
DA:10,1
DA:11,1
DA:12,1
DA:13,4
DA:15,1
DA:16,2
DA:27,5
DA:29,3
DA:34,1
DA:36,1
DA:37,1
DA:38,3
DA:39,1
DA:40,1
DA:42,1
DA:43,1
DA:44,1
DA:45,1
DA:46,3
DA:48,1
DA:52,1
DA:54,1
DA:55,1
DA:57,1
DA:59,1
DA:60,2
DA:62,2
DA:63,1
DA:69,1
DA:71,1
DA:73,1
DA:74,2
DA:76,2
DA:77,1
LF:37
LH:37
end_of_record
SF:lib\modules\home\widgets\_generation_list.dart
DA:4,4
DA:6,1
DA:8,1
DA:9,1
DA:10,3
DA:11,3
DA:12,1
DA:13,1
DA:14,1
DA:33,1
DA:35,1
DA:36,1
DA:37,1
DA:38,1
DA:47,1
DA:51,1
DA:52,1
DA:54,2
DA:56,1
DA:57,2
DA:58,1
DA:60,1
DA:63,1
DA:65,1
DA:66,1
DA:67,2
DA:68,1
DA:70,1
DA:71,2
DA:75,4
LF:30
LH:30
end_of_record
SF:lib\widgets\button\custom_button_icon.dart
DA:4,1
DA:16,1
DA:18,1
DA:19,1
DA:20,1
DA:21,1
DA:26,1
DA:29,1
DA:30,1
DA:37,1
DA:43,1
DA:46,1
DA:49,1
DA:50,1
DA:51,1
DA:54,1
DA:55,1
DA:62,1
DA:68,1
DA:71,1
LF:20
LH:20
end_of_record
SF:lib\modules\pokemon_detail\bloc\pokemon_detail_state.dart
DA:14,1
DA:20,1
DA:21,1
DA:22,1
DA:23,1
DA:24,1
DA:25,1
DA:28,1
DA:29,1
DA:31,2
DA:32,7
DA:35,1
DA:41,1
DA:42,1
DA:43,1
DA:44,1
DA:45,0
LF:17
LH:16
end_of_record
SF:lib\modules\pokemon_detail\bloc\pokemon_detail_cubit.dart
DA:19,1
DA:23,2
DA:27,2
DA:34,1
DA:35,7
DA:37,0
DA:39,0
DA:42,1
DA:44,1
DA:47,1
DA:48,1
DA:50,1
DA:53,1
DA:54,0
DA:55,1
DA:56,0
DA:57,0
DA:63,1
DA:64,2
DA:65,1
DA:71,1
DA:73,1
DA:74,2
DA:76,1
DA:77,1
DA:78,1
DA:79,1
DA:84,0
DA:85,0
DA:86,0
DA:88,0
LF:31
LH:22
end_of_record
SF:lib\modules\pokemon_detail\bloc\pokemon_detail_cubit.g.dart
DA:9,0
DA:10,0
DA:11,0
DA:13,0
DA:14,0
DA:15,0
DA:18,1
DA:19,1
DA:20,1
DA:21,1
DA:22,1
LF:11
LH:5
end_of_record
SF:lib\modules\pokemon_detail\view\pokemon_detail_page.dart
DA:3,3
DA:6,1
DA:17,1
DA:19,1
DA:20,1
DA:21,1
DA:22,2
DA:23,1
DA:24,1
DA:25,1
DA:26,2
DA:28,1
DA:29,2
DA:40,5
DA:42,1
DA:44,1
DA:45,1
DA:46,1
DA:47,1
DA:48,1
DA:49,1
DA:50,4
DA:54,3
DA:55,1
DA:56,1
DA:58,1
DA:78,1
DA:79,1
DA:82,1
DA:83,1
DA:84,3
DA:87,1
DA:89,1
DA:93,1
DA:95,1
DA:100,1
DA:101,3
LF:37
LH:37
end_of_record
SF:lib\modules\pokemon_detail\widgets\_card_tab.dart
DA:4,1
DA:8,1
DA:9,1
DA:15,1
DA:17,1
DA:18,1
DA:19,1
DA:23,3
DA:28,2
DA:30,1
DA:32,1
DA:33,1
DA:35,5
DA:40,1
DA:42,5
DA:47,1
DA:49,5
DA:55,2
DA:56,1
DA:57,1
DA:59,1
DA:76,1
DA:78,1
DA:91,0
DA:93,0
DA:94,0
DA:96,0
DA:97,0
DA:98,0
DA:100,0
DA:102,0
DA:104,0
DA:111,0
DA:112,0
DA:113,0
DA:115,0
DA:132,0
DA:134,0
DA:137,0
DA:138,0
DA:139,0
DA:141,0
DA:142,0
DA:143,0
DA:144,0
DA:145,0
DA:146,0
DA:147,0
DA:148,0
DA:149,0
DA:153,0
DA:154,0
DA:155,0
DA:156,0
DA:157,0
DA:158,0
DA:172,0
DA:173,0
DA:176,0
DA:182,2
DA:184,1
DA:185,1
DA:186,1
DA:187,2
DA:189,0
DA:190,0
DA:191,0
DA:198,1
DA:199,1
DA:200,2
DA:202,0
DA:203,0
DA:204,0
DA:211,1
DA:214,2
DA:216,2
LF:76
LH:34
end_of_record
SF:lib\modules\pokemon_detail\widgets\_pokemon_card.dart
DA:4,1
DA:8,1
DA:10,2
DA:11,1
DA:14,1
DA:15,1
DA:19,1
DA:20,1
DA:21,1
DA:22,1
DA:26,4
DA:27,1
DA:28,1
DA:30,2
DA:34,1
DA:35,3
DA:44,1
DA:45,3
DA:57,1
DA:63,1
DA:64,1
DA:65,1
DA:66,1
DA:67,1
DA:68,1
DA:69,1
DA:72,0
DA:73,0
DA:74,0
DA:75,0
DA:76,0
DA:77,0
DA:83,1
DA:91,2
DA:92,1
DA:94,1
DA:98,1
DA:99,2
DA:104,3
LF:39
LH:33
end_of_record
SF:lib\widgets\background\background_scan.dart
DA:6,1
DA:14,1
DA:16,1
DA:17,1
DA:18,1
DA:23,1
DA:25,1
DA:33,1
DA:34,0
DA:35,0
DA:38,1
DA:39,1
DA:40,1
DA:44,2
DA:45,1
DA:48,1
DA:49,1
DA:58,1
DA:63,1
DA:64,0
DA:65,0
DA:68,1
DA:69,1
DA:70,1
DA:72,2
DA:74,2
DA:76,1
DA:77,1
LF:28
LH:24
end_of_record
SF:lib\modules\splash_screen\view\splash_screen_page.dart
DA:4,4
DA:6,1
DA:15,4
DA:17,1
DA:19,1
DA:20,1
DA:21,1
DA:22,1
DA:23,1
DA:26,1
DA:27,1
DA:30,1
DA:31,1
DA:32,1
DA:33,1
DA:42,1
DA:49,3
DA:50,2
DA:51,1
DA:52,2
DA:53,1
DA:55,1
DA:57,1
DA:58,0
DA:59,0
DA:61,1
DA:62,1
DA:63,1
DA:71,1
DA:77,1
LF:30
LH:28
end_of_record
